<?xml version="1.0" encoding="UTF-8"?>
<!-- Generated by org.testng.reporters.JUnitReportReporter -->
<testsuite hostname="DESKTOP-8OL3U2R" name="com.acti.Base.DriverScript" tests="1" failures="0" timestamp="2 May 2020 21:58:41 GMT" time="13.817" errors="0">
  <testcase name="initApp" time="13.817" classname="com.acti.Base.DriverScript"/>
</testsuite> <!-- com.acti.Base.DriverScript -->
